{"/Users/apple/git/mocha-demo/add.js":{"path":"/Users/apple/git/mocha-demo/add.js","s":{"1":1,"2":12,"3":12,"4":3,"5":9,"6":1},"b":{"1":[3,9],"2":[12,10]},"f":{"1":12},"fnMap":{"1":{"name":"add","line":1,"loc":{"start":{"line":1,"column":0},"end":{"line":1,"column":19}}}},"statementMap":{"1":{"start":{"line":1,"column":0},"end":{"line":9,"column":1}},"2":{"start":{"line":2,"column":4},"end":{"line":3,"column":22}},"3":{"start":{"line":4,"column":4},"end":{"line":8,"column":5}},"4":{"start":{"line":5,"column":8},"end":{"line":5,"column":19}},"5":{"start":{"line":7,"column":8},"end":{"line":7,"column":23}},"6":{"start":{"line":11,"column":0},"end":{"line":11,"column":21}}},"branchMap":{"1":{"line":4,"type":"if","locations":[{"start":{"line":4,"column":4},"end":{"line":4,"column":4}},{"start":{"line":4,"column":4},"end":{"line":4,"column":4}}]},"2":{"line":4,"type":"binary-expr","locations":[{"start":{"line":4,"column":8},"end":{"line":4,"column":17}},{"start":{"line":4,"column":21},"end":{"line":4,"column":30}}]}}}}